<?xml version="1.0" encoding="UTF-8"?>
<testsuite name="JUnit Jupiter" tests="5" skipped="0" failures="0" errors="0" time="0.082" hostname="LAPTOP-QAP95P9N" timestamp="2018-04-09T11:07:43">
<properties>
[...]
</properties>
<testcase name="testNumber()" classname="test.java.SortDemoTest" time="0.012">
<system-out><![CDATA[
unique-id: [engine:junit-jupiter]/[class:test.java.SortDemoTest]/[method:testNumber()]
display-name: testNumber()
]]></system-out>
</testcase>
<testcase name="NonIntegerValue()" classname="test.java.SortDemoTest" time="0.003">
<system-out><![CDATA[
unique-id: [engine:junit-jupiter]/[class:test.java.SortDemoTest]/[method:NonIntegerValue()]
display-name: NonIntegerValue()
]]></system-out>
</testcase>
<testcase name="NoSuchElem()" classname="test.java.SortDemoTest" time="0.002">
<system-out><![CDATA[
unique-id: [engine:junit-jupiter]/[class:test.java.SortDemoTest]/[method:NoSuchElem()]
display-name: NoSuchElem()
]]></system-out>
</testcase>
<testcase name="NoNumber()" classname="test.java.SortDemoTest" time="0.002">
<system-out><![CDATA[
unique-id: [engine:junit-jupiter]/[class:test.java.SortDemoTest]/[method:NoNumber()]
display-name: NoNumber()
]]></system-out>
</testcase>
<testcase name="negativeArraySize()" classname="test.java.SortDemoTest" time="0.002">
<system-out><![CDATA[
unique-id: [engine:junit-jupiter]/[class:test.java.SortDemoTest]/[method:negativeArraySize()]
display-name: negativeArraySize()
]]></system-out>
</testcase>
<system-out><![CDATA[
unique-id: [engine:junit-jupiter]
display-name: JUnit Jupiter
]]></system-out>
</testsuite>
